<?xml version="1.0" encoding="UTF-8"?>
<!-- Generated by org.testng.reporters.JUnitXMLReporter -->
<testsuite ignored="0" hostname="LTIN441493" failures="0" tests="13" name="Default test" time="235.321" errors="0" timestamp="17 Jul 2023 12:25:24 GMT">
  <testcase classname="TimeSheetSetup.TimeSheetSetUp" name="navigationToWebsite" time="2.289"/>
  <testcase classname="TimeSheetSetup.TimeSheetSetUp" name="details" time="47.312"/>
  <testcase classname="TimeSheetSetup.TimeSheetSetUp" name="OneC" time="18.711"/>
  <testcase classname="TimeSheetSetup.TimeSheetSetUp" name="timeSheetNavigation" time="10.709"/>
  <testcase classname="TimeSheetSetup.TimeSheetSetUp" name="timesheet" time="20.985"/>
  <testcase classname="TimeSheetSetup.TimeSheetSetUp" name="searchDropDown" time="4.145"/>
  <testcase classname="TimeSheetSetup.TimeSheetSetUp" name="Status_Approved" time="29.844"/>
  <testcase classname="TimeSheetSetup.TimeSheetSetUp" name="Status_Pending" time="29.334"/>
  <testcase classname="TimeSheetSetup.TimeSheetSetUp" name="Status_Overdue" time="9.452"/>
  <testcase classname="TimeSheetSetup.TimeSheetSetUp" name="Status_PartialApprove" time="9.323"/>
  <testcase classname="TimeSheetSetup.TimeSheetSetUp" name="Status_Saved" time="9.391"/>
  <testcase classname="TimeSheetSetup.TimeSheetSetUp" name="Status_Revision" time="9.391"/>
  <testcase classname="TimeSheetSetup.TimeSheetSetUp" name="Status_submitForApprove" time="29.315"/>
</testsuite> <!-- Default test -->
