<?xml version="1.0" encoding="UTF-8"?>
<!-- Generated by org.testng.reporters.JUnitXMLReporter -->
<testsuite ignored="0" hostname="LTIN441493" failures="0" tests="4" name="Default test" time="72.601" errors="0" timestamp="28 Jul 2023 10:08:59 GMT">
  <testcase classname="hackthonproj_setup.hackthonproj_setUp" name="boofshelves" time="29.103"/>
  <testcase classname="hackthonproj_setup.hackthonproj_setUp" name="beingAtHome" time="11.289"/>
  <testcase classname="hackthonproj_setup.hackthonproj_setUp" name="giftcards" time="13.924"/>
  <testcase classname="hackthonproj_setup.hackthonproj_setUp" name="details" time="11.63"/>
</testsuite> <!-- Default test -->
