<?xml version="1.0" encoding="UTF-8"?>
<!-- Generated by org.testng.reporters.JUnitXMLReporter -->
<testsuite ignored="0" hostname="LTIN441493" failures="0" tests="4" name="Test" time="89.693" errors="0" timestamp="28 Jul 2023 09:53:47 GMT">
  <testcase classname="hackthonproj_setup.hackthonproj_setUp" name="boofshelves" time="31.753"/>
  <testcase classname="hackthonproj_setup.hackthonproj_setUp" name="beingAtHome" time="8.941"/>
  <testcase classname="hackthonproj_setup.hackthonproj_setUp" name="giftcards" time="32.593"/>
  <testcase classname="hackthonproj_setup.hackthonproj_setUp" name="details" time="11.302"/>
</testsuite> <!-- Test -->
